C:\USERS\MSPPROD\DOCUMENTS\VISUAL STUDIO 2010\PROJECTS\HELLOWORLD\DEBUG\HELLOWORLD.EXE
C:\USERS\MSPPROD\DOCUMENTS\VISUAL STUDIO 2010\PROJECTS\HELLOWORLD\DEBUG\HELLOWORLD.ILK
C:\USERS\MSPPROD\DOCUMENTS\VISUAL STUDIO 2010\PROJECTS\HELLOWORLD\DEBUG\HELLOWORLD.PDB
C:\USERS\MSPPROD\DOCUMENTS\VISUAL STUDIO 2010\PROJECTS\HELLOWORLD\HELLOWORLD\DEBUG\HELLOWORLD.EXE.EMBED.MANIFEST
C:\USERS\MSPPROD\DOCUMENTS\VISUAL STUDIO 2010\PROJECTS\HELLOWORLD\HELLOWORLD\DEBUG\HELLOWORLD.EXE.EMBED.MANIFEST.RES
C:\USERS\MSPPROD\DOCUMENTS\VISUAL STUDIO 2010\PROJECTS\HELLOWORLD\HELLOWORLD\DEBUG\HELLOWORLD.EXE.INTERMEDIATE.MANIFEST
C:\USERS\MSPPROD\DOCUMENTS\VISUAL STUDIO 2010\PROJECTS\HELLOWORLD\HELLOWORLD\DEBUG\HELLOWORLD.OBJ
C:\USERS\MSPPROD\DOCUMENTS\VISUAL STUDIO 2010\PROJECTS\HELLOWORLD\HELLOWORLD\DEBUG\INITSHADER.OBJ
C:\USERS\MSPPROD\DOCUMENTS\VISUAL STUDIO 2010\PROJECTS\HELLOWORLD\HELLOWORLD\DEBUG\MATRIX_STACK.OBJ
C:\USERS\MSPPROD\DOCUMENTS\VISUAL STUDIO 2010\PROJECTS\HELLOWORLD\HELLOWORLD\DEBUG\VC100.PDB
C:\Users\silamhome\Documents\Visual Studio 2010\Projects\HelloWorld\Debug\cl.command.1.tlog
C:\Users\silamhome\Documents\Visual Studio 2010\Projects\HelloWorld\Debug\CL.read.1.tlog
C:\Users\silamhome\Documents\Visual Studio 2010\Projects\HelloWorld\Debug\CL.write.1.tlog
C:\USERS\SILAMHOME\DOCUMENTS\VISUAL STUDIO 2010\PROJECTS\HELLOWORLD\DEBUG\HELLOWORLD.EXE
C:\Users\silamhome\Documents\Visual Studio 2010\Projects\HelloWorld\Debug\HelloWorld.exe.embed.manifest
C:\USERS\SILAMHOME\DOCUMENTS\VISUAL STUDIO 2010\PROJECTS\HELLOWORLD\DEBUG\HELLOWORLD.EXE.EMBED.MANIFEST.RES
C:\USERS\SILAMHOME\DOCUMENTS\VISUAL STUDIO 2010\PROJECTS\HELLOWORLD\DEBUG\HELLOWORLD.EXE.INTERMEDIATE.MANIFEST
C:\USERS\SILAMHOME\DOCUMENTS\VISUAL STUDIO 2010\PROJECTS\HELLOWORLD\DEBUG\HELLOWORLD.ILK
C:\USERS\SILAMHOME\DOCUMENTS\VISUAL STUDIO 2010\PROJECTS\HELLOWORLD\DEBUG\HELLOWORLD.OBJ
C:\USERS\SILAMHOME\DOCUMENTS\VISUAL STUDIO 2010\PROJECTS\HELLOWORLD\DEBUG\HELLOWORLD.PDB
C:\Users\silamhome\Documents\Visual Studio 2010\Projects\HelloWorld\Debug\HelloWorld_manifest.rc
C:\USERS\SILAMHOME\DOCUMENTS\VISUAL STUDIO 2010\PROJECTS\HELLOWORLD\DEBUG\INITSHADER.OBJ
C:\Users\silamhome\Documents\Visual Studio 2010\Projects\HelloWorld\Debug\link.12956.read.1.tlog
C:\Users\silamhome\Documents\Visual Studio 2010\Projects\HelloWorld\Debug\link.12956.write.1.tlog
C:\Users\silamhome\Documents\Visual Studio 2010\Projects\HelloWorld\Debug\link.12956-cvtres.read.1.tlog
C:\Users\silamhome\Documents\Visual Studio 2010\Projects\HelloWorld\Debug\link.12956-cvtres.write.1.tlog
C:\Users\silamhome\Documents\Visual Studio 2010\Projects\HelloWorld\Debug\link.3084.read.1.tlog
C:\Users\silamhome\Documents\Visual Studio 2010\Projects\HelloWorld\Debug\link.3084.write.1.tlog
C:\Users\silamhome\Documents\Visual Studio 2010\Projects\HelloWorld\Debug\link.3084-cvtres.read.1.tlog
C:\Users\silamhome\Documents\Visual Studio 2010\Projects\HelloWorld\Debug\link.3084-cvtres.write.1.tlog
C:\Users\silamhome\Documents\Visual Studio 2010\Projects\HelloWorld\Debug\link.5184.read.1.tlog
C:\Users\silamhome\Documents\Visual Studio 2010\Projects\HelloWorld\Debug\link.5184.write.1.tlog
C:\Users\silamhome\Documents\Visual Studio 2010\Projects\HelloWorld\Debug\link.5184-cvtres.read.1.tlog
C:\Users\silamhome\Documents\Visual Studio 2010\Projects\HelloWorld\Debug\link.5184-cvtres.write.1.tlog
C:\Users\silamhome\Documents\Visual Studio 2010\Projects\HelloWorld\Debug\link.8320.read.1.tlog
C:\Users\silamhome\Documents\Visual Studio 2010\Projects\HelloWorld\Debug\link.8320.write.1.tlog
C:\Users\silamhome\Documents\Visual Studio 2010\Projects\HelloWorld\Debug\link.8320-cvtres.read.1.tlog
C:\Users\silamhome\Documents\Visual Studio 2010\Projects\HelloWorld\Debug\link.8320-cvtres.write.1.tlog
C:\Users\silamhome\Documents\Visual Studio 2010\Projects\HelloWorld\Debug\link.8992.read.1.tlog
C:\Users\silamhome\Documents\Visual Studio 2010\Projects\HelloWorld\Debug\link.8992.write.1.tlog
C:\Users\silamhome\Documents\Visual Studio 2010\Projects\HelloWorld\Debug\link.8992-cvtres.read.1.tlog
C:\Users\silamhome\Documents\Visual Studio 2010\Projects\HelloWorld\Debug\link.8992-cvtres.write.1.tlog
C:\Users\silamhome\Documents\Visual Studio 2010\Projects\HelloWorld\Debug\link.command.1.tlog
C:\Users\silamhome\Documents\Visual Studio 2010\Projects\HelloWorld\Debug\link.read.1.tlog
C:\Users\silamhome\Documents\Visual Studio 2010\Projects\HelloWorld\Debug\link.write.1.tlog
C:\Users\silamhome\Documents\Visual Studio 2010\Projects\HelloWorld\Debug\link-cvtres.read.1.tlog
C:\Users\silamhome\Documents\Visual Studio 2010\Projects\HelloWorld\Debug\link-cvtres.write.1.tlog
C:\USERS\SILAMHOME\DOCUMENTS\VISUAL STUDIO 2010\PROJECTS\HELLOWORLD\DEBUG\MATRIX_STACK.OBJ
C:\Users\silamhome\Documents\Visual Studio 2010\Projects\HelloWorld\Debug\mt.command.1.tlog
C:\Users\silamhome\Documents\Visual Studio 2010\Projects\HelloWorld\Debug\mt.read.1.tlog
C:\Users\silamhome\Documents\Visual Studio 2010\Projects\HelloWorld\Debug\mt.write.1.tlog
C:\Users\silamhome\Documents\Visual Studio 2010\Projects\HelloWorld\Debug\rc.command.1.tlog
C:\Users\silamhome\Documents\Visual Studio 2010\Projects\HelloWorld\Debug\rc.read.1.tlog
C:\Users\silamhome\Documents\Visual Studio 2010\Projects\HelloWorld\Debug\rc.write.1.tlog
C:\Users\silamhome\Documents\Visual Studio 2010\Projects\HelloWorld\Debug\vc100.idb
C:\USERS\SILAMHOME\DOCUMENTS\VISUAL STUDIO 2010\PROJECTS\HELLOWORLD\DEBUG\VC100.PDB
